Using pre-set license
Built from '2020.3/release' branch; Version is '2020.3.1f1 (77a89f25062f) revision 7841951'; Using compiler version '192528614'; Build Type 'Release'
OS: 'Windows 10 Home; OS build 22000.258; Version 2009; 64bit' Language: 'en' Physical Memory: 16239 MB
BatchMode: 1, IsHumanControllingUs: 0, StartBugReporterOnCrash: 0, Is64bit: 1, IsPro: 0

 COMMAND LINE ARGUMENTS:
C:\Program Files\Unity\Hub\Editor\2020.3.1f1\Editor\Unity.exe
-adb2
-batchMode
-noUpm
-name
AssetImportWorker0
-projectPath
C:/Users/siddh/Desktop/my stuff/My projects/C#/Games/MultiplayerGame/MultiplayerGame
-logFile
Logs/AssetImportWorker0.log
-srvPort
52172
Successfully changed project path to: C:/Users/siddh/Desktop/my stuff/My projects/C#/Games/MultiplayerGame/MultiplayerGame
C:/Users/siddh/Desktop/my stuff/My projects/C#/Games/MultiplayerGame/MultiplayerGame
Using Asset Import Pipeline V2.
Refreshing native plugins compatible for Editor in 27.79 ms, found 0 plugins.
Preloading 0 native plugins for Editor in 0.00 ms.
Initialize engine version: 2020.3.1f1 (77a89f25062f)
[Subsystems] Discovering subsystems at path C:/Program Files/Unity/Hub/Editor/2020.3.1f1/Editor/Data/Resources/UnitySubsystems
[Subsystems] Discovering subsystems at path C:/Users/siddh/Desktop/my stuff/My projects/C#/Games/MultiplayerGame/MultiplayerGame/Assets
GfxDevice: creating device client; threaded=0
Direct3D:
    Version:  Direct3D 11.0 [level 11.1]
    Renderer: NVIDIA GeForce GTX 1660 Ti (ID=0x2191)
    Vendor:   
    VRAM:     5991 MB
    Driver:   27.21.14.6242
Initialize mono
Mono path[0] = 'C:/Program Files/Unity/Hub/Editor/2020.3.1f1/Editor/Data/Managed'
Mono path[1] = 'C:/Program Files/Unity/Hub/Editor/2020.3.1f1/Editor/Data/MonoBleedingEdge/lib/mono/unityjit'
Mono config path = 'C:/Program Files/Unity/Hub/Editor/2020.3.1f1/Editor/Data/MonoBleedingEdge/etc'
Using monoOptions --debugger-agent=transport=dt_socket,embedding=1,server=y,suspend=n,address=127.0.0.1:56832
Begin MonoManager ReloadAssembly
Registering precompiled unity dll's ...
Register platform support module: C:/Program Files/Unity/Hub/Editor/2020.3.1f1/Editor/Data/PlaybackEngines/WebGLSupport/UnityEditor.WebGL.Extensions.dll
Register platform support module: C:/Program Files/Unity/Hub/Editor/2020.3.1f1/Editor/Data/PlaybackEngines/WindowsStandaloneSupport/UnityEditor.WindowsStandalone.Extensions.dll
Register platform support module: C:/Program Files/Unity/Hub/Editor/2020.3.1f1/Editor/Data/PlaybackEngines/LinuxStandaloneSupport/UnityEditor.LinuxStandalone.Extensions.dll
Registered in 0.002475 seconds.
Native extension for LinuxStandalone target not found
Native extension for WindowsStandalone target not found
Native extension for WebGL target not found
Refreshing native plugins compatible for Editor in 24.83 ms, found 0 plugins.
Preloading 0 native plugins for Editor in 0.00 ms.
Invoked RoslynAnalysisRunner static constructor.
RoslynAnalysisRunner will not be running.
RoslynAnalysisRunner has terminated.
Mono: successfully reloaded assembly
- Completed reload, in  1.780 seconds
Platform modules already initialized, skipping
Registering precompiled user dll's ...
Registered in 0.001841 seconds.
Begin MonoManager ReloadAssembly
Native extension for LinuxStandalone target not found
Native extension for WindowsStandalone target not found
Native extension for WebGL target not found
Refreshing native plugins compatible for Editor in 0.26 ms, found 0 plugins.
Preloading 0 native plugins for Editor in 0.00 ms.
Invoked RoslynAnalysisRunner static constructor.
RoslynAnalysisRunner will not be running.
RoslynAnalysisRunner has terminated.
[ScriptCompilation] NOT recompiling all scripts because this is an import worker process. Reason to compile was: Define symbols changed
Mono: successfully reloaded assembly
- Completed reload, in  0.847 seconds
Platform modules already initialized, skipping
========================================================================
Worker process is ready to serve import requests
Launched and connected shader compiler UnityShaderCompiler.exe after 0.04 seconds
Refreshing native plugins compatible for Editor in 0.28 ms, found 0 plugins.
Preloading 0 native plugins for Editor in 0.00 ms.
Unloading 1408 Unused Serialized files (Serialized files now loaded: 0)
System memory in use before: 65.6 MB.
System memory in use after: 65.7 MB.

Unloading 15 unused Assets to reduce memory usage. Loaded Objects now: 1845.
Total: 1.798300 ms (FindLiveObjects: 0.138100 ms CreateObjectMapping: 0.047100 ms MarkObjects: 1.540700 ms  DeleteObjects: 0.071700 ms)

========================================================================
Received Import Request.
  path: Assets
  artifactKey: Guid(00000000000000001000000000000000) Importer(815301076,1909f56bfc062723c751e8b465ee728b)
Start importing Assets using Guid(00000000000000001000000000000000) Importer(815301076,1909f56bfc062723c751e8b465ee728b)  -> (artifact id: 'a6374019befeac6ce670f13ba9960efb') in 0.009897 seconds
  Import took 0.011863 seconds .

========================================================================
Received Import Request.
  Time since last request: 3.120342 seconds.
  path: Assets/Scripts
  artifactKey: Guid(093e08977c8831f4eab53fa5d9f20677) Importer(815301076,1909f56bfc062723c751e8b465ee728b)
Start importing Assets/Scripts using Guid(093e08977c8831f4eab53fa5d9f20677) Importer(815301076,1909f56bfc062723c751e8b465ee728b)  -> (artifact id: '808a309b1ddf354fc1dbbac6e2efc43e') in 0.016852 seconds
  Import took 0.019866 seconds .

========================================================================
Received Import Request.
  Time since last request: 10.393935 seconds.
  path: Assets/Scripts/PlyerController.cs
  artifactKey: Guid(011191e1e0f5c2b41a084f0c8f0a4d2e) Importer(815301076,1909f56bfc062723c751e8b465ee728b)
Start importing Assets/Scripts/PlyerController.cs using Guid(011191e1e0f5c2b41a084f0c8f0a4d2e) Importer(815301076,1909f56bfc062723c751e8b465ee728b)  -> (artifact id: 'a32dcfd44286d0f0154206e8d4247232') in 0.049273 seconds
  Import took 0.053126 seconds .

========================================================================
Received Prepare
Registering precompiled user dll's ...
Registered in 0.001968 seconds.
Begin MonoManager ReloadAssembly
Native extension for LinuxStandalone target not found
Native extension for WindowsStandalone target not found
Native extension for WebGL target not found
Refreshing native plugins compatible for Editor in 0.29 ms, found 0 plugins.
Preloading 0 native plugins for Editor in 0.00 ms.
Invoked RoslynAnalysisRunner static constructor.
RoslynAnalysisRunner will not be running.
RoslynAnalysisRunner has terminated.
[ScriptCompilation] NOT recompiling all scripts because this is an import worker process. Reason to compile was: Define symbols changed
Mono: successfully reloaded assembly
- Completed reload, in  0.778 seconds
Platform modules already initialized, skipping
Refreshing native plugins compatible for Editor in 0.26 ms, found 0 plugins.
Preloading 0 native plugins for Editor in 0.00 ms.
Unloading 1404 Unused Serialized files (Serialized files now loaded: 0)
System memory in use before: 65.6 MB.
System memory in use after: 65.7 MB.

Unloading 10 unused Assets to reduce memory usage. Loaded Objects now: 1849.
Total: 1.751000 ms (FindLiveObjects: 0.147700 ms CreateObjectMapping: 0.045300 ms MarkObjects: 1.512100 ms  DeleteObjects: 0.044500 ms)

========================================================================
Received Import Request.
  Time since last request: 12.431590 seconds.
  path: Assets/Scripts/Player
  artifactKey: Guid(282a63218b4587c47a54caee2b58ef42) Importer(815301076,1909f56bfc062723c751e8b465ee728b)
Start importing Assets/Scripts/Player using Guid(282a63218b4587c47a54caee2b58ef42) Importer(815301076,1909f56bfc062723c751e8b465ee728b)  -> (artifact id: '254ba2c796151ff15b7857f5a12e94f8') in 0.015851 seconds
  Import took 0.018842 seconds .

========================================================================
Received Import Request.
  Time since last request: 0.006256 seconds.
  path: Assets/Scripts/Player
  artifactKey: Guid(282a63218b4587c47a54caee2b58ef42) Importer(815301076,1909f56bfc062723c751e8b465ee728b)
Start importing Assets/Scripts/Player using Guid(282a63218b4587c47a54caee2b58ef42) Importer(815301076,1909f56bfc062723c751e8b465ee728b)  -> (artifact id: '254ba2c796151ff15b7857f5a12e94f8') in 0.003968 seconds
  Import took 0.008085 seconds .

========================================================================
Received Prepare
Registering precompiled user dll's ...
Registered in 0.001983 seconds.
Begin MonoManager ReloadAssembly
Native extension for LinuxStandalone target not found
Native extension for WindowsStandalone target not found
Native extension for WebGL target not found
Refreshing native plugins compatible for Editor in 0.25 ms, found 0 plugins.
Preloading 0 native plugins for Editor in 0.00 ms.
Invoked RoslynAnalysisRunner static constructor.
RoslynAnalysisRunner will not be running.
RoslynAnalysisRunner has terminated.
[ScriptCompilation] NOT recompiling all scripts because this is an import worker process. Reason to compile was: Define symbols changed
Mono: successfully reloaded assembly
- Completed reload, in  0.841 seconds
Platform modules already initialized, skipping
Refreshing native plugins compatible for Editor in 0.58 ms, found 0 plugins.
Preloading 0 native plugins for Editor in 0.00 ms.
Unloading 1404 Unused Serialized files (Serialized files now loaded: 0)
System memory in use before: 65.6 MB.
System memory in use after: 65.7 MB.

Unloading 10 unused Assets to reduce memory usage. Loaded Objects now: 1852.
Total: 1.911200 ms (FindLiveObjects: 0.131200 ms CreateObjectMapping: 0.039400 ms MarkObjects: 1.693700 ms  DeleteObjects: 0.045900 ms)

